<?xml version="1.0" encoding="UTF-8"?>
<!-- Generated by org.testng.reporters.JUnitReportReporter -->
<testsuite hostname="collaberas-mbp" failures="0" tests="4" name="androidTabletTest.AndroidTabletMyBank_01" time="2.437" errors="0" timestamp="2023-05-12T17:31:10 PST" skipped="0">
  <testcase classname="androidTabletTest.AndroidTabletMyBank_01" name="verifyLaunchMyBankApp_MyBank_01" time="0.787"/>
  <system-out/>
  <testcase classname="androidTabletTest.AndroidTabletMyBank_01" name="viewAccounts_MyBank_01" time="0.054"/>
  <system-out/>
  <testcase classname="androidTabletTest.AndroidTabletMyBank_01" name="validateBankingSystem_MyBank_01" time="1.295"/>
  <system-out/>
  <testcase classname="androidTabletTest.AndroidTabletMyBank_01" name="countAccounts_MyBank_01" time="0.301"/>
  <system-out>
    <![CDATA[Total number of accounts: 10]]>
  </system-out>
</testsuite> <!-- androidTabletTest.AndroidTabletMyBank_01 -->
