<?xml version="1.0" encoding="UTF-8"?>
<!-- Generated by org.testng.reporters.JUnitReportReporter -->
<testsuite hostname="collaberas-mbp" failures="0" tests="16" name="iOSPhoneTest.PhoneiOS_UI_Test" time="80.112" errors="0" timestamp="2023-05-13T13:28:20 PST" skipped="0">
  <testcase classname="iOSPhoneTest.PhoneiOS_UI_Test" name="test_UI_01" time="1.393"/>
  <system-out>
    <![CDATA[Total number of options: 18]]>
  </system-out>
  <testcase classname="iOSPhoneTest.PhoneiOS_UI_Test" name="test_UI_02" time="1.067"/>
  <system-out/>
  <testcase classname="iOSPhoneTest.PhoneiOS_UI_Test" name="test_UI_03" time="6.188"/>
  <system-out/>
  <testcase classname="iOSPhoneTest.PhoneiOS_UI_Test" name="test_UI_04" time="4.864"/>
  <system-out/>
  <testcase classname="iOSPhoneTest.PhoneiOS_UI_Test" name="test_UI_05" time="2.591"/>
  <system-out/>
  <testcase classname="iOSPhoneTest.PhoneiOS_UI_Test" name="test_UI_06" time="2.746"/>
  <system-out/>
  <testcase classname="iOSPhoneTest.PhoneiOS_UI_Test" name="test_UI_07" time="12.405"/>
  <system-out/>
  <testcase classname="iOSPhoneTest.PhoneiOS_UI_Test" name="test_UI_08" time="8.014"/>
  <system-out/>
  <testcase classname="iOSPhoneTest.PhoneiOS_UI_Test" name="test_UI_09" time="5.106"/>
  <system-out/>
  <testcase classname="iOSPhoneTest.PhoneiOS_UI_Test" name="test_UI_10" time="9.202"/>
  <system-out/>
  <testcase classname="iOSPhoneTest.PhoneiOS_UI_Test" name="test_UI_11" time="3.480"/>
  <system-out/>
  <testcase classname="iOSPhoneTest.PhoneiOS_UI_Test" name="test_UI_12" time="2.329"/>
  <system-out/>
  <testcase classname="iOSPhoneTest.PhoneiOS_UI_Test" name="test_UI_13" time="7.121"/>
  <system-out/>
  <testcase classname="iOSPhoneTest.PhoneiOS_UI_Test" name="test_UI_14" time="3.401"/>
  <system-out/>
  <testcase classname="iOSPhoneTest.PhoneiOS_UI_Test" name="test_UI_15" time="2.745"/>
  <system-out/>
  <testcase classname="iOSPhoneTest.PhoneiOS_UI_Test" name="test_UI_18" time="7.460"/>
  <system-out/>
</testsuite> <!-- iOSPhoneTest.PhoneiOS_UI_Test -->
