<?xml version="1.0" encoding="UTF-8"?>
<!-- Generated by org.testng.reporters.JUnitReportReporter -->
<testsuite hostname="collaberas-mbp" failures="0" tests="6" name="androidTabletTest.AndroidTabletMyBank_03" time="7.386" errors="0" timestamp="2023-05-12T17:31:10 PST" skipped="0">
  <testcase classname="androidTabletTest.AndroidTabletMyBank_03" name="verifyLaunchMyBankApp_MyBank_03" time="0.864"/>
  <system-out/>
  <testcase classname="androidTabletTest.AndroidTabletMyBank_03" name="viewAccounts_MyBank_03" time="0.073"/>
  <system-out/>
  <testcase classname="androidTabletTest.AndroidTabletMyBank_03" name="getUserAccount_MyBank_03" time="1.221"/>
  <system-out/>
  <testcase classname="androidTabletTest.AndroidTabletMyBank_03" name="makeTransaction_MyBank_03" time="2.945"/>
  <system-out/>
  <testcase classname="androidTabletTest.AndroidTabletMyBank_03" name="selectReceiverAndConfirm_MyBank_03" time="1.179"/>
  <system-out>
    <![CDATA[Receiver is Shebon]]>
  </system-out>
  <testcase classname="androidTabletTest.AndroidTabletMyBank_03" name="verifyTransaction_MyBank_03" time="1.104"/>
  <system-out/>
</testsuite> <!-- androidTabletTest.AndroidTabletMyBank_03 -->
