<?xml version="1.0" encoding="UTF-8"?>
<!-- Generated by org.testng.reporters.JUnitReportReporter -->
<testsuite hostname="collaberas-mbp" failures="0" tests="17" name="androidPhoneTest.AndroidPhoneMyBankApp" time="12.731" errors="0" timestamp="2023-05-15T12:32:35 PST" skipped="0">
  <testcase classname="androidPhoneTest.AndroidPhoneMyBankApp" name="verifyLaunchMyBankApp_MyBank_01" time="1.019"/>
  <system-out/>
  <testcase classname="androidPhoneTest.AndroidPhoneMyBankApp" name="viewAccounts_MyBank_01" time="0.059"/>
  <system-out/>
  <testcase classname="androidPhoneTest.AndroidPhoneMyBankApp" name="validateBankingSystem_MyBank_01" time="1.521"/>
  <system-out/>
  <testcase classname="androidPhoneTest.AndroidPhoneMyBankApp" name="countAccounts_MyBank_01" time="0.525"/>
  <system-out>
    <![CDATA[Total number of visible accounts: 8]]>
  </system-out>
  <testcase classname="androidPhoneTest.AndroidPhoneMyBankApp" name="getUserAccount_MyBank_02" time="1.201"/>
  <system-out/>
  <testcase classname="androidPhoneTest.AndroidPhoneMyBankApp" name="validateCustomerName_MyBank_02" time="0.080"/>
  <system-out/>
  <testcase classname="androidPhoneTest.AndroidPhoneMyBankApp" name="validateAccountNumber_MyBank_02" time="0.056"/>
  <system-out/>
  <testcase classname="androidPhoneTest.AndroidPhoneMyBankApp" name="validateAccountEmail_MyBank_02" time="0.054"/>
  <system-out/>
  <testcase classname="androidPhoneTest.AndroidPhoneMyBankApp" name="validateAccountMobileNumber_MyBank_02" time="0.059"/>
  <system-out/>
  <testcase classname="androidPhoneTest.AndroidPhoneMyBankApp" name="validateAccountIFSCCode_MyBank_02" time="0.054"/>
  <system-out/>
  <testcase classname="androidPhoneTest.AndroidPhoneMyBankApp" name="validateAccountCurrentBalance_MyBank_02" time="0.176"/>
  <system-out/>
  <testcase classname="androidPhoneTest.AndroidPhoneMyBankApp" name="getUserAccount_MyBank_03" time="2.453"/>
  <system-out/>
  <testcase classname="androidPhoneTest.AndroidPhoneMyBankApp" name="makeTransaction_MyBank_03" time="1.439"/>
  <system-out/>
  <testcase classname="androidPhoneTest.AndroidPhoneMyBankApp" name="selectReceiverAndConfirm_MyBank_03" time="1.251"/>
  <system-out>
    <![CDATA[Receiver is Shebon]]>
  </system-out>
  <testcase classname="androidPhoneTest.AndroidPhoneMyBankApp" name="verifyTransaction_MyBank_03" time="1.360"/>
  <system-out/>
  <testcase classname="androidPhoneTest.AndroidPhoneMyBankApp" name="clickSearchButton_MyBank_04" time="0.090"/>
  <system-out/>
  <testcase classname="androidPhoneTest.AndroidPhoneMyBankApp" name="validateTransaction_MyBank_04" time="1.334"/>
  <system-out/>
</testsuite> <!-- androidPhoneTest.AndroidPhoneMyBankApp -->
