<?xml version="1.0" encoding="UTF-8"?>
<!-- Generated by org.testng.reporters.JUnitReportReporter -->
<testsuite hostname="collaberas-mbp" failures="0" tests="17" name="androidTabletTest.AndroidTabletMyBankApp" time="20.800" errors="0" timestamp="2023-05-17T16:50:18 PST" skipped="0">
  <testcase classname="androidTabletTest.AndroidTabletMyBankApp" name="verifyLaunchMyBankApp_MyBank_01" time="0.896"/>
  <system-out/>
  <testcase classname="androidTabletTest.AndroidTabletMyBankApp" name="viewAccounts_MyBank_01" time="0.078"/>
  <system-out/>
  <testcase classname="androidTabletTest.AndroidTabletMyBankApp" name="validateBankingSystem_MyBank_01" time="3.693"/>
  <system-out/>
  <testcase classname="androidTabletTest.AndroidTabletMyBankApp" name="countAccounts_MyBank_01" time="1.180"/>
  <system-out>
    <![CDATA[Total number of visible accounts: 10]]>
  </system-out>
  <testcase classname="androidTabletTest.AndroidTabletMyBankApp" name="getUserAccount_MyBank_02" time="0.656"/>
  <system-out/>
  <testcase classname="androidTabletTest.AndroidTabletMyBankApp" name="validateCustomerName_MyBank_02" time="2.132"/>
  <system-out/>
  <testcase classname="androidTabletTest.AndroidTabletMyBankApp" name="validateAccountNumber_MyBank_02" time="0.349"/>
  <system-out/>
  <testcase classname="androidTabletTest.AndroidTabletMyBankApp" name="validateAccountEmail_MyBank_02" time="0.055"/>
  <system-out/>
  <testcase classname="androidTabletTest.AndroidTabletMyBankApp" name="validateAccountMobileNumber_MyBank_02" time="0.051"/>
  <system-out/>
  <testcase classname="androidTabletTest.AndroidTabletMyBankApp" name="validateAccountIFSCCode_MyBank_02" time="0.054"/>
  <system-out/>
  <testcase classname="androidTabletTest.AndroidTabletMyBankApp" name="validateAccountCurrentBalance_MyBank_02" time="0.432"/>
  <system-out/>
  <testcase classname="androidTabletTest.AndroidTabletMyBankApp" name="getUserAccount_MyBank_03" time="2.053"/>
  <system-out/>
  <testcase classname="androidTabletTest.AndroidTabletMyBankApp" name="makeTransaction_MyBank_03" time="3.250"/>
  <system-out/>
  <testcase classname="androidTabletTest.AndroidTabletMyBankApp" name="selectReceiverAndConfirm_MyBank_03" time="1.351"/>
  <system-out>
    <![CDATA[Receiver is Shebon]]>
  </system-out>
  <testcase classname="androidTabletTest.AndroidTabletMyBankApp" name="verifyTransaction_MyBank_03" time="1.636"/>
  <system-out/>
  <testcase classname="androidTabletTest.AndroidTabletMyBankApp" name="clickSearchButton_MyBank_04" time="0.270"/>
  <system-out/>
  <testcase classname="androidTabletTest.AndroidTabletMyBankApp" name="validateTransaction_MyBank_04" time="2.664"/>
  <system-out/>
</testsuite> <!-- androidTabletTest.AndroidTabletMyBankApp -->
