<?xml version="1.0" encoding="UTF-8"?>
<!-- Generated by org.testng.reporters.JUnitReportReporter -->
<testsuite hostname="collaberas-mbp" failures="0" tests="17" name="androidPhoneTest.AndroidPhoneMyBank_01" time="12.002" errors="0" timestamp="2023-05-13T12:08:35 PST" skipped="0">
  <testcase classname="androidPhoneTest.AndroidPhoneMyBank_01" name="verifyLaunchMyBankApp_MyBank_01" time="0.790"/>
  <system-out/>
  <testcase classname="androidPhoneTest.AndroidPhoneMyBank_01" name="viewAccounts_MyBank_01" time="0.089"/>
  <system-out/>
  <testcase classname="androidPhoneTest.AndroidPhoneMyBank_01" name="validateBankingSystem_MyBank_01" time="1.358"/>
  <system-out/>
  <testcase classname="androidPhoneTest.AndroidPhoneMyBank_01" name="countAccounts_MyBank_01" time="0.324"/>
  <system-out>
    <![CDATA[Total number of visible accounts: 8]]>
  </system-out>
  <testcase classname="androidPhoneTest.AndroidPhoneMyBank_01" name="getUserAccount_MyBank_02" time="0.158"/>
  <system-out/>
  <testcase classname="androidPhoneTest.AndroidPhoneMyBank_01" name="validateCustomerName_MyBank_02" time="1.204"/>
  <system-out/>
  <testcase classname="androidPhoneTest.AndroidPhoneMyBank_01" name="validateAccountNumber_MyBank_02" time="0.084"/>
  <system-out/>
  <testcase classname="androidPhoneTest.AndroidPhoneMyBank_01" name="validateAccountEmail_MyBank_02" time="0.060"/>
  <system-out/>
  <testcase classname="androidPhoneTest.AndroidPhoneMyBank_01" name="validateAccountMobileNumber_MyBank_02" time="0.058"/>
  <system-out/>
  <testcase classname="androidPhoneTest.AndroidPhoneMyBank_01" name="validateAccountIFSCCode_MyBank_02" time="0.054"/>
  <system-out/>
  <testcase classname="androidPhoneTest.AndroidPhoneMyBank_01" name="validateAccountCurrentBalance_MyBank_02" time="0.059"/>
  <system-out/>
  <testcase classname="androidPhoneTest.AndroidPhoneMyBank_01" name="getUserAccount_MyBank_03" time="1.394"/>
  <system-out/>
  <testcase classname="androidPhoneTest.AndroidPhoneMyBank_01" name="makeTransaction_MyBank_03" time="2.572"/>
  <system-out/>
  <testcase classname="androidPhoneTest.AndroidPhoneMyBank_01" name="selectReceiverAndConfirm_MyBank_03" time="1.204"/>
  <system-out>
    <![CDATA[Receiver is Shebon]]>
  </system-out>
  <testcase classname="androidPhoneTest.AndroidPhoneMyBank_01" name="verifyTransaction_MyBank_03" time="1.271"/>
  <system-out/>
  <testcase classname="androidPhoneTest.AndroidPhoneMyBank_01" name="clickSearchButton_MyBank_04" time="0.098"/>
  <system-out/>
  <testcase classname="androidPhoneTest.AndroidPhoneMyBank_01" name="validateTransaction_MyBank_04" time="1.225"/>
  <system-out/>
</testsuite> <!-- androidPhoneTest.AndroidPhoneMyBank_01 -->
