<?xml version="1.0" encoding="UTF-8"?>
<!-- Generated by org.testng.reporters.JUnitReportReporter -->
<testsuite hostname="collaberas-mbp" failures="0" tests="17" name="androidTabletTest.AndroidTabletMyBankApp" time="14.141" errors="0" timestamp="2023-05-13T13:33:15 PST" skipped="0">
  <testcase classname="androidTabletTest.AndroidTabletMyBankApp" name="verifyLaunchMyBankApp_MyBank_01" time="0.747"/>
  <system-out/>
  <testcase classname="androidTabletTest.AndroidTabletMyBankApp" name="viewAccounts_MyBank_01" time="0.070"/>
  <system-out/>
  <testcase classname="androidTabletTest.AndroidTabletMyBankApp" name="validateBankingSystem_MyBank_01" time="1.652"/>
  <system-out/>
  <testcase classname="androidTabletTest.AndroidTabletMyBankApp" name="countAccounts_MyBank_01" time="0.624"/>
  <system-out>
    <![CDATA[Total number of visible accounts: 10]]>
  </system-out>
  <testcase classname="androidTabletTest.AndroidTabletMyBankApp" name="getUserAccount_MyBank_02" time="0.163"/>
  <system-out/>
  <testcase classname="androidTabletTest.AndroidTabletMyBankApp" name="validateCustomerName_MyBank_02" time="1.529"/>
  <system-out/>
  <testcase classname="androidTabletTest.AndroidTabletMyBankApp" name="validateAccountNumber_MyBank_02" time="0.079"/>
  <system-out/>
  <testcase classname="androidTabletTest.AndroidTabletMyBankApp" name="validateAccountEmail_MyBank_02" time="0.054"/>
  <system-out/>
  <testcase classname="androidTabletTest.AndroidTabletMyBankApp" name="validateAccountMobileNumber_MyBank_02" time="0.048"/>
  <system-out/>
  <testcase classname="androidTabletTest.AndroidTabletMyBankApp" name="validateAccountIFSCCode_MyBank_02" time="0.270"/>
  <system-out/>
  <testcase classname="androidTabletTest.AndroidTabletMyBankApp" name="validateAccountCurrentBalance_MyBank_02" time="0.199"/>
  <system-out/>
  <testcase classname="androidTabletTest.AndroidTabletMyBankApp" name="getUserAccount_MyBank_03" time="1.946"/>
  <system-out/>
  <testcase classname="androidTabletTest.AndroidTabletMyBankApp" name="makeTransaction_MyBank_03" time="2.611"/>
  <system-out/>
  <testcase classname="androidTabletTest.AndroidTabletMyBankApp" name="selectReceiverAndConfirm_MyBank_03" time="1.354"/>
  <system-out>
    <![CDATA[Receiver is Shebon]]>
  </system-out>
  <testcase classname="androidTabletTest.AndroidTabletMyBankApp" name="verifyTransaction_MyBank_03" time="1.261"/>
  <system-out/>
  <testcase classname="androidTabletTest.AndroidTabletMyBankApp" name="clickSearchButton_MyBank_04" time="0.120"/>
  <system-out/>
  <testcase classname="androidTabletTest.AndroidTabletMyBankApp" name="validateTransaction_MyBank_04" time="1.414"/>
  <system-out/>
</testsuite> <!-- androidTabletTest.AndroidTabletMyBankApp -->
