<?xml version="1.0" encoding="UTF-8"?>
<!-- Generated by org.testng.reporters.JUnitReportReporter -->
<testsuite hostname="collaberas-mbp" failures="0" tests="2" name="androidTabletTest.AndroidTabletMyBank_04" time="1.394" errors="0" timestamp="2023-05-12T17:31:10 PST" skipped="0">
  <testcase classname="androidTabletTest.AndroidTabletMyBank_04" name="clickSearchButton_MyBank_04" time="0.161"/>
  <system-out/>
  <testcase classname="androidTabletTest.AndroidTabletMyBank_04" name="validateTransaction_MyBank_04" time="1.233"/>
  <system-out/>
</testsuite> <!-- androidTabletTest.AndroidTabletMyBank_04 -->
