<?xml version="1.0" encoding="UTF-8"?>
<!-- Generated by org.testng.reporters.JUnitReportReporter -->
<testsuite hostname="collaberas-mbp" failures="0" tests="17" name="androidPhoneTest.AndroidPhoneMyBankApp" time="11.544" errors="0" timestamp="2023-05-13T13:31:53 PST" skipped="0">
  <testcase classname="androidPhoneTest.AndroidPhoneMyBankApp" name="verifyLaunchMyBankApp_MyBank_01" time="0.840"/>
  <system-out/>
  <testcase classname="androidPhoneTest.AndroidPhoneMyBankApp" name="viewAccounts_MyBank_01" time="0.088"/>
  <system-out/>
  <testcase classname="androidPhoneTest.AndroidPhoneMyBankApp" name="validateBankingSystem_MyBank_01" time="1.333"/>
  <system-out/>
  <testcase classname="androidPhoneTest.AndroidPhoneMyBankApp" name="countAccounts_MyBank_01" time="0.253"/>
  <system-out>
    <![CDATA[Total number of visible accounts: 8]]>
  </system-out>
  <testcase classname="androidPhoneTest.AndroidPhoneMyBankApp" name="getUserAccount_MyBank_02" time="1.185"/>
  <system-out/>
  <testcase classname="androidPhoneTest.AndroidPhoneMyBankApp" name="validateCustomerName_MyBank_02" time="0.084"/>
  <system-out/>
  <testcase classname="androidPhoneTest.AndroidPhoneMyBankApp" name="validateAccountNumber_MyBank_02" time="0.065"/>
  <system-out/>
  <testcase classname="androidPhoneTest.AndroidPhoneMyBankApp" name="validateAccountEmail_MyBank_02" time="0.060"/>
  <system-out/>
  <testcase classname="androidPhoneTest.AndroidPhoneMyBankApp" name="validateAccountMobileNumber_MyBank_02" time="0.054"/>
  <system-out/>
  <testcase classname="androidPhoneTest.AndroidPhoneMyBankApp" name="validateAccountIFSCCode_MyBank_02" time="0.061"/>
  <system-out/>
  <testcase classname="androidPhoneTest.AndroidPhoneMyBankApp" name="validateAccountCurrentBalance_MyBank_02" time="0.049"/>
  <system-out/>
  <testcase classname="androidPhoneTest.AndroidPhoneMyBankApp" name="getUserAccount_MyBank_03" time="1.343"/>
  <system-out/>
  <testcase classname="androidPhoneTest.AndroidPhoneMyBankApp" name="makeTransaction_MyBank_03" time="2.507"/>
  <system-out/>
  <testcase classname="androidPhoneTest.AndroidPhoneMyBankApp" name="selectReceiverAndConfirm_MyBank_03" time="1.165"/>
  <system-out>
    <![CDATA[Receiver is Shebon]]>
  </system-out>
  <testcase classname="androidPhoneTest.AndroidPhoneMyBankApp" name="verifyTransaction_MyBank_03" time="1.127"/>
  <system-out/>
  <testcase classname="androidPhoneTest.AndroidPhoneMyBankApp" name="clickSearchButton_MyBank_04" time="0.138"/>
  <system-out/>
  <testcase classname="androidPhoneTest.AndroidPhoneMyBankApp" name="validateTransaction_MyBank_04" time="1.192"/>
  <system-out/>
</testsuite> <!-- androidPhoneTest.AndroidPhoneMyBankApp -->
