<?xml version="1.0" encoding="UTF-8"?>
<!-- Generated by org.testng.reporters.JUnitReportReporter -->
<testsuite hostname="collaberas-mbp" failures="0" tests="17" name="androidPhoneTest.AndroidPhoneMyBankApp" time="13.385" errors="0" timestamp="2023-05-17T16:47:06 PST" skipped="0">
  <testcase classname="androidPhoneTest.AndroidPhoneMyBankApp" name="verifyLaunchMyBankApp_MyBank_01" time="1.130"/>
  <system-out/>
  <testcase classname="androidPhoneTest.AndroidPhoneMyBankApp" name="viewAccounts_MyBank_01" time="0.089"/>
  <system-out/>
  <testcase classname="androidPhoneTest.AndroidPhoneMyBankApp" name="validateBankingSystem_MyBank_01" time="1.578"/>
  <system-out/>
  <testcase classname="androidPhoneTest.AndroidPhoneMyBankApp" name="countAccounts_MyBank_01" time="0.658"/>
  <system-out>
    <![CDATA[Total number of visible accounts: 8]]>
  </system-out>
  <testcase classname="androidPhoneTest.AndroidPhoneMyBankApp" name="getUserAccount_MyBank_02" time="1.236"/>
  <system-out/>
  <testcase classname="androidPhoneTest.AndroidPhoneMyBankApp" name="validateCustomerName_MyBank_02" time="0.104"/>
  <system-out/>
  <testcase classname="androidPhoneTest.AndroidPhoneMyBankApp" name="validateAccountNumber_MyBank_02" time="0.075"/>
  <system-out/>
  <testcase classname="androidPhoneTest.AndroidPhoneMyBankApp" name="validateAccountEmail_MyBank_02" time="0.065"/>
  <system-out/>
  <testcase classname="androidPhoneTest.AndroidPhoneMyBankApp" name="validateAccountMobileNumber_MyBank_02" time="0.056"/>
  <system-out/>
  <testcase classname="androidPhoneTest.AndroidPhoneMyBankApp" name="validateAccountIFSCCode_MyBank_02" time="0.069"/>
  <system-out/>
  <testcase classname="androidPhoneTest.AndroidPhoneMyBankApp" name="validateAccountCurrentBalance_MyBank_02" time="0.186"/>
  <system-out/>
  <testcase classname="androidPhoneTest.AndroidPhoneMyBankApp" name="getUserAccount_MyBank_03" time="2.765"/>
  <system-out/>
  <testcase classname="androidPhoneTest.AndroidPhoneMyBankApp" name="makeTransaction_MyBank_03" time="1.392"/>
  <system-out/>
  <testcase classname="androidPhoneTest.AndroidPhoneMyBankApp" name="selectReceiverAndConfirm_MyBank_03" time="1.207"/>
  <system-out>
    <![CDATA[Receiver is Shebon]]>
  </system-out>
  <testcase classname="androidPhoneTest.AndroidPhoneMyBankApp" name="verifyTransaction_MyBank_03" time="1.371"/>
  <system-out/>
  <testcase classname="androidPhoneTest.AndroidPhoneMyBankApp" name="clickSearchButton_MyBank_04" time="0.077"/>
  <system-out/>
  <testcase classname="androidPhoneTest.AndroidPhoneMyBankApp" name="validateTransaction_MyBank_04" time="1.327"/>
  <system-out/>
</testsuite> <!-- androidPhoneTest.AndroidPhoneMyBankApp -->
