<?xml version="1.0" encoding="UTF-8"?>
<!-- Generated by org.testng.reporters.JUnitReportReporter -->
<testsuite hostname="collaberas-mbp" failures="0" tests="16" name="iOSTabletTest.TabletiOS_UI_Test" time="78.061" errors="0" timestamp="2023-05-13T13:30:19 PST" skipped="0">
  <testcase classname="iOSTabletTest.TabletiOS_UI_Test" name="test_UI_01" time="1.276"/>
  <system-out>
    <![CDATA[Total number of options: 18]]>
  </system-out>
  <testcase classname="iOSTabletTest.TabletiOS_UI_Test" name="test_UI_02" time="1.109"/>
  <system-out/>
  <testcase classname="iOSTabletTest.TabletiOS_UI_Test" name="test_UI_03" time="8.104"/>
  <system-out/>
  <testcase classname="iOSTabletTest.TabletiOS_UI_Test" name="test_UI_04" time="3.582"/>
  <system-out/>
  <testcase classname="iOSTabletTest.TabletiOS_UI_Test" name="test_UI_05" time="1.554"/>
  <system-out/>
  <testcase classname="iOSTabletTest.TabletiOS_UI_Test" name="test_UI_06" time="1.942"/>
  <system-out/>
  <testcase classname="iOSTabletTest.TabletiOS_UI_Test" name="test_UI_07" time="11.914"/>
  <system-out/>
  <testcase classname="iOSTabletTest.TabletiOS_UI_Test" name="test_UI_08" time="7.724"/>
  <system-out/>
  <testcase classname="iOSTabletTest.TabletiOS_UI_Test" name="test_UI_09" time="5.128"/>
  <system-out/>
  <testcase classname="iOSTabletTest.TabletiOS_UI_Test" name="test_UI_10" time="10.071"/>
  <system-out/>
  <testcase classname="iOSTabletTest.TabletiOS_UI_Test" name="test_UI_11" time="3.504"/>
  <system-out/>
  <testcase classname="iOSTabletTest.TabletiOS_UI_Test" name="test_UI_12" time="1.273"/>
  <system-out/>
  <testcase classname="iOSTabletTest.TabletiOS_UI_Test" name="test_UI_13" time="7.893"/>
  <system-out/>
  <testcase classname="iOSTabletTest.TabletiOS_UI_Test" name="test_UI_14" time="2.747"/>
  <system-out/>
  <testcase classname="iOSTabletTest.TabletiOS_UI_Test" name="test_UI_15" time="2.649"/>
  <system-out/>
  <testcase classname="iOSTabletTest.TabletiOS_UI_Test" name="test_UI_18" time="7.591"/>
  <system-out/>
</testsuite> <!-- iOSTabletTest.TabletiOS_UI_Test -->
