<?xml version="1.0" encoding="UTF-8"?>
<!-- Generated by org.testng.reporters.JUnitReportReporter -->
<testsuite hostname="collaberas-mbp" failures="0" tests="9" name="androidTabletTest.AndroidTabletMyBank_02" time="3.715" errors="0" timestamp="2023-05-12T17:31:10 PST" skipped="0">
  <testcase classname="androidTabletTest.AndroidTabletMyBank_02" name="verifyLaunchMyBankApp_MyBank_02" time="0.175"/>
  <system-out/>
  <testcase classname="androidTabletTest.AndroidTabletMyBank_02" name="viewAccounts_MyBank_02" time="0.753"/>
  <system-out/>
  <testcase classname="androidTabletTest.AndroidTabletMyBank_02" name="getUserAccount_MyBank_02" time="2.460"/>
  <system-out/>
  <testcase classname="androidTabletTest.AndroidTabletMyBank_02" name="validateCustomerName_MyBank_02" time="0.087"/>
  <system-out/>
  <testcase classname="androidTabletTest.AndroidTabletMyBank_02" name="validateAccountNumber_MyBank_02" time="0.057"/>
  <system-out/>
  <testcase classname="androidTabletTest.AndroidTabletMyBank_02" name="validateAccountEmail_MyBank_02" time="0.047"/>
  <system-out/>
  <testcase classname="androidTabletTest.AndroidTabletMyBank_02" name="validateAccountMobileNumber_MyBank_02" time="0.047"/>
  <system-out/>
  <testcase classname="androidTabletTest.AndroidTabletMyBank_02" name="validateAccountIFSCCode_MyBank_02" time="0.045"/>
  <system-out/>
  <testcase classname="androidTabletTest.AndroidTabletMyBank_02" name="validateAccountCurrentBalance_MyBank_02" time="0.044"/>
  <system-out/>
</testsuite> <!-- androidTabletTest.AndroidTabletMyBank_02 -->
