<?xml version="1.0" encoding="UTF-8"?>
<!-- Generated by org.testng.reporters.JUnitReportReporter -->
<testsuite hostname="collaberas-mbp" failures="0" tests="17" name="androidTabletTest.AndroidTabletMyBankApp" time="25.583" errors="0" timestamp="2023-05-15T13:44:52 PST" skipped="0">
  <testcase classname="androidTabletTest.AndroidTabletMyBankApp" name="verifyLaunchMyBankApp_MyBank_01" time="3.626"/>
  <system-out/>
  <testcase classname="androidTabletTest.AndroidTabletMyBankApp" name="viewAccounts_MyBank_01" time="0.353"/>
  <system-out/>
  <testcase classname="androidTabletTest.AndroidTabletMyBankApp" name="validateBankingSystem_MyBank_01" time="3.671"/>
  <system-out/>
  <testcase classname="androidTabletTest.AndroidTabletMyBankApp" name="countAccounts_MyBank_01" time="1.605"/>
  <system-out>
    <![CDATA[Total number of visible accounts: 10]]>
  </system-out>
  <testcase classname="androidTabletTest.AndroidTabletMyBankApp" name="getUserAccount_MyBank_02" time="0.181"/>
  <system-out/>
  <testcase classname="androidTabletTest.AndroidTabletMyBankApp" name="validateCustomerName_MyBank_02" time="1.261"/>
  <system-out/>
  <testcase classname="androidTabletTest.AndroidTabletMyBankApp" name="validateAccountNumber_MyBank_02" time="0.081"/>
  <system-out/>
  <testcase classname="androidTabletTest.AndroidTabletMyBankApp" name="validateAccountEmail_MyBank_02" time="0.052"/>
  <system-out/>
  <testcase classname="androidTabletTest.AndroidTabletMyBankApp" name="validateAccountMobileNumber_MyBank_02" time="0.044"/>
  <system-out/>
  <testcase classname="androidTabletTest.AndroidTabletMyBankApp" name="validateAccountIFSCCode_MyBank_02" time="0.046"/>
  <system-out/>
  <testcase classname="androidTabletTest.AndroidTabletMyBankApp" name="validateAccountCurrentBalance_MyBank_02" time="0.298"/>
  <system-out/>
  <testcase classname="androidTabletTest.AndroidTabletMyBankApp" name="getUserAccount_MyBank_03" time="1.885"/>
  <system-out/>
  <testcase classname="androidTabletTest.AndroidTabletMyBankApp" name="makeTransaction_MyBank_03" time="4.345"/>
  <system-out/>
  <testcase classname="androidTabletTest.AndroidTabletMyBankApp" name="selectReceiverAndConfirm_MyBank_03" time="2.961"/>
  <system-out>
    <![CDATA[Receiver is Shebon]]>
  </system-out>
  <testcase classname="androidTabletTest.AndroidTabletMyBankApp" name="verifyTransaction_MyBank_03" time="2.196"/>
  <system-out/>
  <testcase classname="androidTabletTest.AndroidTabletMyBankApp" name="clickSearchButton_MyBank_04" time="0.403"/>
  <system-out/>
  <testcase classname="androidTabletTest.AndroidTabletMyBankApp" name="validateTransaction_MyBank_04" time="2.575"/>
  <system-out/>
</testsuite> <!-- androidTabletTest.AndroidTabletMyBankApp -->
